<?xml version="1.0" encoding="UTF-8"?>
<!-- Generated by org.testng.reporters.JUnitReportReporter -->
<testsuite hostname="DESKTOP-6BF1I8Q" failures="0" tests="1" name="Hackathon.LumensWebsite.LumensRunnerFile" time="65.096" errors="0" timestamp="2021-07-24T08:12:24 IST" skipped="0">
  <testcase classname="Hackathon.LumensWebsite.LumensRunnerFile" name="feature" time="65.096"/>
  <system-out/>
</testsuite> <!-- Hackathon.LumensWebsite.LumensRunnerFile -->
